Determining if the pthread_create exist failed with the following output:
Change Dir: /home/student/Downloads/CarND-Capstone-master/ros/build/CMakeFiles/CMakeTmp

Run Build Command:"/usr/bin/make" "cmTC_631d1/fast"
/usr/bin/make -f CMakeFiles/cmTC_631d1.dir/build.make CMakeFiles/cmTC_631d1.dir/build
make[1]: Entering directory '/home/student/Downloads/CarND-Capstone-master/ros/build/CMakeFiles/CMakeTmp'
Building C object CMakeFiles/cmTC_631d1.dir/CheckSymbolExists.c.o
/usr/bin/cc     -o CMakeFiles/cmTC_631d1.dir/CheckSymbolExists.c.o   -c /home/student/Downloads/CarND-Capstone-master/ros/build/CMakeFiles/CMakeTmp/CheckSymbolExists.c
Linking C executable cmTC_631d1
/usr/bin/cmake -E cmake_link_script CMakeFiles/cmTC_631d1.dir/link.txt --verbose=1
/usr/bin/cc       CMakeFiles/cmTC_631d1.dir/CheckSymbolExists.c.o  -o cmTC_631d1 -rdynamic 
CMakeFiles/cmTC_631d1.dir/CheckSymbolExists.c.o: In function `main':
CheckSymbolExists.c:(.text+0x16): undefined reference to `pthread_create'
collect2: error: ld returned 1 exit status
CMakeFiles/cmTC_631d1.dir/build.make:97: recipe for target 'cmTC_631d1' failed
make[1]: *** [cmTC_631d1] Error 1
make[1]: Leaving directory '/home/student/Downloads/CarND-Capstone-master/ros/build/CMakeFiles/CMakeTmp'
Makefile:126: recipe for target 'cmTC_631d1/fast' failed
make: *** [cmTC_631d1/fast] Error 2

File /home/student/Downloads/CarND-Capstone-master/ros/build/CMakeFiles/CMakeTmp/CheckSymbolExists.c:
/* */
#include <pthread.h>

int main(int argc, char** argv)
{
  (void)argv;
#ifndef pthread_create
  return ((int*)(&pthread_create))[argc];
#else
  (void)argc;
  return 0;
#endif
}

Determining if the function pthread_create exists in the pthreads failed with the following output:
Change Dir: /home/student/Downloads/CarND-Capstone-master/ros/build/CMakeFiles/CMakeTmp

Run Build Command:"/usr/bin/make" "cmTC_9122c/fast"
/usr/bin/make -f CMakeFiles/cmTC_9122c.dir/build.make CMakeFiles/cmTC_9122c.dir/build
make[1]: Entering directory '/home/student/Downloads/CarND-Capstone-master/ros/build/CMakeFiles/CMakeTmp'
Building C object CMakeFiles/cmTC_9122c.dir/CheckFunctionExists.c.o
/usr/bin/cc    -DCHECK_FUNCTION_EXISTS=pthread_create   -o CMakeFiles/cmTC_9122c.dir/CheckFunctionExists.c.o   -c /usr/share/cmake-3.5/Modules/CheckFunctionExists.c
Linking C executable cmTC_9122c
/usr/bin/cmake -E cmake_link_script CMakeFiles/cmTC_9122c.dir/link.txt --verbose=1
/usr/bin/cc   -DCHECK_FUNCTION_EXISTS=pthread_create    CMakeFiles/cmTC_9122c.dir/CheckFunctionExists.c.o  -o cmTC_9122c -rdynamic -lpthreads 
/usr/bin/ld: cannot find -lpthreads
collect2: error: ld returned 1 exit status
CMakeFiles/cmTC_9122c.dir/build.make:97: recipe for target 'cmTC_9122c' failed
make[1]: *** [cmTC_9122c] Error 1
make[1]: Leaving directory '/home/student/Downloads/CarND-Capstone-master/ros/build/CMakeFiles/CMakeTmp'
Makefile:126: recipe for target 'cmTC_9122c/fast' failed
make: *** [cmTC_9122c/fast] Error 2


